<?xml version="1.0" encoding="UTF-8"?>
<testng-results skipped="0" failed="0" total="1" passed="1">
  <reporter-output>
  </reporter-output>
  <suite name="Default suite" duration-ms="172" started-at="2016-09-14T08:24:43Z" finished-at="2016-09-14T08:24:43Z">
    <groups>
    </groups>
    <test name="Default test" duration-ms="172" started-at="2016-09-14T08:24:43Z" finished-at="2016-09-14T08:24:43Z">
      <class name="com.qait.automation.TestAssociationFinancialProfessional.TestPractise">
        <test-method status="PASS" signature="check()[pri:0, instance:com.qait.automation.TestAssociationFinancialProfessional.TestPractise@721e0f4f]" name="check" duration-ms="156" started-at="2016-09-14T13:54:43Z" finished-at="2016-09-14T13:54:43Z">
          <reporter-output>
          </reporter-output>
        </test-method> <!-- check -->
      </class> <!-- com.qait.automation.TestAssociationFinancialProfessional.TestPractise -->
    </test> <!-- Default test -->
  </suite> <!-- Default suite -->
</testng-results>
